  Drawer.cpp
C:\Users\ECOAREA\source\repos\ZenFishingFinal\ZenFishFinal\Drawer.cpp(42,67): warning C4244: 'argomento': conversione da 'int' a 'GLfloat'. Possibile perdita di dati.
  Entities.cpp
C:\Users\ECOAREA\source\repos\ZenFishingFinal\ZenFishFinal\Entities.cpp(46,14): warning C4244: 'inizializzazione': conversione da 'double' a 'float'. Possibile perdita di dati.
  Hermite.cpp
C:\Users\ECOAREA\source\repos\ZenFishingFinal\ZenFishFinal\Hermite.cpp(19,90): warning C4244: 'return': conversione da 'double' a 'float'. Possibile perdita di dati.
C:\Users\ECOAREA\source\repos\ZenFishingFinal\ZenFishFinal\Hermite.cpp(21,90): warning C4244: 'return': conversione da 'double' a 'float'. Possibile perdita di dati.
C:\Users\ECOAREA\source\repos\ZenFishingFinal\ZenFishFinal\Hermite.cpp(24,116): warning C4244: 'return': conversione da 'double' a 'float'. Possibile perdita di dati.
C:\Users\ECOAREA\source\repos\ZenFishingFinal\ZenFishFinal\Hermite.cpp(26,116): warning C4244: 'return': conversione da 'double' a 'float'. Possibile perdita di dati.
C:\Users\ECOAREA\source\repos\ZenFishingFinal\ZenFishFinal\Hermite.cpp(32,99): warning C4244: 'return': conversione da 'double' a 'float'. Possibile perdita di dati.
C:\Users\ECOAREA\source\repos\ZenFishingFinal\ZenFishFinal\Hermite.cpp(34,96): warning C4244: 'return': conversione da 'double' a 'float'. Possibile perdita di dati.
C:\Users\ECOAREA\source\repos\ZenFishingFinal\ZenFishFinal\Hermite.cpp(37,116): warning C4244: 'return': conversione da 'double' a 'float'. Possibile perdita di dati.
C:\Users\ECOAREA\source\repos\ZenFishingFinal\ZenFishFinal\Hermite.cpp(39,116): warning C4244: 'return': conversione da 'double' a 'float'. Possibile perdita di dati.
C:\Users\ECOAREA\source\repos\ZenFishingFinal\ZenFishFinal\Hermite.cpp(67,16): warning C4244: 'inizializzazione': conversione da 'double' a 'float'. Possibile perdita di dati.
C:\Users\ECOAREA\source\repos\ZenFishingFinal\ZenFishFinal\Hermite.cpp(84,129): warning C4244: '=': conversione da 'double' a 'float'. Possibile perdita di dati.
C:\Users\ECOAREA\source\repos\ZenFishingFinal\ZenFishFinal\Hermite.cpp(85,129): warning C4244: '=': conversione da 'double' a 'float'. Possibile perdita di dati.
C:\Users\ECOAREA\source\repos\ZenFishingFinal\ZenFishFinal\Hermite.cpp(102,13): warning C4244: 'inizializzazione': conversione da 'double' a 'float'. Possibile perdita di dati.
C:\Users\ECOAREA\source\repos\ZenFishingFinal\ZenFishFinal\Hermite.cpp(103,16): warning C4018: '<': errata corrispondenza tra signed e unsigned
  ShaderMaker.cpp
  ZenFishFinal.cpp
C:\Users\ECOAREA\source\repos\ZenFishingFinal\ZenFishFinal\ZenFishFinal.cpp(124,30): warning C4244: 'argomento': conversione da 'float' a 'GLsizei'. Possibile perdita di dati.
C:\Users\ECOAREA\source\repos\ZenFishingFinal\ZenFishFinal\ZenFishFinal.cpp(124,20): warning C4244: 'argomento': conversione da 'float' a 'GLsizei'. Possibile perdita di dati.
C:\Users\ECOAREA\source\repos\ZenFishingFinal\ZenFishFinal\ZenFishFinal.cpp(129,30): warning C4244: 'argomento': conversione da 'float' a 'GLsizei'. Possibile perdita di dati.
C:\Users\ECOAREA\source\repos\ZenFishingFinal\ZenFishFinal\ZenFishFinal.cpp(129,20): warning C4244: 'argomento': conversione da 'float' a 'GLsizei'. Possibile perdita di dati.
C:\Users\ECOAREA\source\repos\ZenFishingFinal\ZenFishFinal\ZenFishFinal.cpp(162,15): warning C4244: 'inizializzazione': conversione da 'double' a 'float'. Possibile perdita di dati.
C:\Users\ECOAREA\source\repos\ZenFishingFinal\ZenFishFinal\ZenFishFinal.cpp(187,21): warning C4244: '=': conversione da 'double' a 'int'. Possibile perdita di dati.
C:\Users\ECOAREA\source\repos\ZenFishingFinal\ZenFishFinal\ZenFishFinal.cpp(190,20): warning C4244: '=': conversione da 'double' a 'int'. Possibile perdita di dati.
C:\Users\ECOAREA\source\repos\ZenFishingFinal\ZenFishFinal\ZenFishFinal.cpp(195,95): warning C4244: 'argomento': conversione da 'double' a 'GLfloat'. Possibile perdita di dati.
C:\Users\ECOAREA\source\repos\ZenFishingFinal\ZenFishFinal\ZenFishFinal.cpp(195,71): warning C4244: 'argomento': conversione da 'double' a 'GLfloat'. Possibile perdita di dati.
C:\Users\ECOAREA\source\repos\ZenFishingFinal\ZenFishFinal\ZenFishFinal.cpp(203,12): warning C4244: 'argomento': conversione da 'time_t' a 'unsigned int'. Possibile perdita di dati.
  Generazione del codice in corso...
C:\Users\ECOAREA\source\repos\ZenFishingFinal\ZenFishFinal\Hermite.cpp(62): warning C4715: 'Hermite::DY': non tutti i percorsi di controllo restituiscono un valore
C:\Users\ECOAREA\source\repos\ZenFishingFinal\ZenFishFinal\Hermite.cpp(51): warning C4715: 'Hermite::DX': non tutti i percorsi di controllo restituiscono un valore
  ZenFishFinal.vcxproj -> C:\Users\ECOAREA\source\repos\ZenFishingFinal\Debug\ZenFishFinal.exe
